2017/06/11 07:17:57 [error] [system.db.CDbCommand] CDbCommand::fetchAll() failed: SQLSTATE[42000]: Syntax error or access violation: 1055 Expression #1 of SELECT list is not in GROUP BY clause and contains nonaggregated column 'sms.t.id' which is not functionally dependent on columns in GROUP BY clause; this is incompatible with sql_mode=only_full_group_by. The SQL statement executed was: SELECT * FROM `timetable_entries` `t` WHERE batch_id=:x GROUP BY employee_id. Bound with :x='21'.
2017/06/11 07:17:57 [error] [exception.CDbException] exception 'CDbException' with message 'CDbCommand failed to execute the SQL statement: SQLSTATE[42000]: Syntax error or access violation: 1055 Expression #1 of SELECT list is not in GROUP BY clause and contains nonaggregated column 'sms.t.id' which is not functionally dependent on columns in GROUP BY clause; this is incompatible with sql_mode=only_full_group_by' in E:\wamp\www\sms\core\db\CDbCommand.php:517
Stack trace:
#0 E:\wamp\www\sms\core\db\CDbCommand.php(375): CDbCommand->queryInternal('fetchAll', Array, Array)
#1 E:\wamp\www\sms\core\db\ar\CActiveRecord.php(1290): CDbCommand->queryAll()
#2 E:\wamp\www\sms\core\db\ar\CActiveRecord.php(1410): CActiveRecord->query(Object(CDbCriteria), true)
#3 E:\wamp\www\sms\protected\modules\courses\views\batches\tab.php(113): CActiveRecord->findAll(Array)
#4 E:\wamp\www\sms\core\web\CBaseController.php(119): require('E:\\wamp\\www\\sms...')
#5 E:\wamp\www\sms\core\web\CBaseController.php(88): CBaseController->renderInternal('E:\\wamp\\www\\sms...', NULL, true)
#6 E:\wamp\www\sms\core\web\CController.php(866): CBaseController->renderFile('E:\\wamp\\www\\sms...', NULL, true)
#7 E:\wamp\www\sms\protected\modules\courses\views\batches\batchstudents.php(56): CController->renderPartial('tab')
#8 E:\wamp\www\sms\core\web\CBaseController.php(119): require('E:\\wamp\\www\\sms...')
#9 E:\wamp\www\sms\core\web\CBaseController.php(88): CBaseController->renderInternal('E:\\wamp\\www\\sms...', NULL, true)
#10 E:\wamp\www\sms\core\web\CController.php(866): CBaseController->renderFile('E:\\wamp\\www\\sms...', NULL, true)
#11 E:\wamp\www\sms\core\web\CController.php(779): CController->renderPartial('batchstudents', NULL, true)
#12 E:\wamp\www\sms\protected\modules\courses\controllers\BatchesController.php(139): CController->render('batchstudents')
#13 E:\wamp\www\sms\core\web\actions\CInlineAction.php(50): BatchesController->actionBatchstudents()
#14 E:\wamp\www\sms\core\web\CController.php(300): CInlineAction->runWithParams(Array)
#15 E:\wamp\www\sms\core\web\filters\CFilterChain.php(134): CController->runAction(Object(CInlineAction))
#16 E:\wamp\www\sms\core\web\filters\CFilter.php(41): CFilterChain->run()
#17 E:\wamp\www\sms\protected\modules\rights\components\RController.php(36): CFilter->filter(Object(CFilterChain))
#18 E:\wamp\www\sms\core\web\filters\CInlineFilter.php(59): RController->filterRights(Object(CFilterChain))
#19 E:\wamp\www\sms\core\web\filters\CFilterChain.php(131): CInlineFilter->filter(Object(CFilterChain))
#20 E:\wamp\www\sms\core\web\CController.php(283): CFilterChain->run()
#21 E:\wamp\www\sms\core\web\CController.php(257): CController->runActionWithFilters(Object(CInlineAction), Array)
#22 E:\wamp\www\sms\core\web\CWebApplication.php(277): CController->run('batchstudents')
#23 E:\wamp\www\sms\core\web\CWebApplication.php(136): CWebApplication->runController('courses/batches...')
#24 E:\wamp\www\sms\core\base\CApplication.php(158): CWebApplication->processRequest()
#25 E:\wamp\www\sms\index.php(52): CApplication->run()
#26 {main} REQUEST_URI=/sms/index.php?r=courses/batches/batchstudents&id=21
2017/06/11 07:18:24 [error] [system.db.CDbCommand] CDbCommand::fetchAll() failed: SQLSTATE[42000]: Syntax error or access violation: 1055 Expression #1 of SELECT list is not in GROUP BY clause and contains nonaggregated column 'sms.t.id' which is not functionally dependent on columns in GROUP BY clause; this is incompatible with sql_mode=only_full_group_by. The SQL statement executed was: SELECT * FROM `timetable_entries` `t` WHERE batch_id=:x GROUP BY employee_id. Bound with :x='21'.
2017/06/11 07:18:24 [error] [exception.CDbException] exception 'CDbException' with message 'CDbCommand failed to execute the SQL statement: SQLSTATE[42000]: Syntax error or access violation: 1055 Expression #1 of SELECT list is not in GROUP BY clause and contains nonaggregated column 'sms.t.id' which is not functionally dependent on columns in GROUP BY clause; this is incompatible with sql_mode=only_full_group_by' in E:\wamp\www\sms\core\db\CDbCommand.php:517
Stack trace:
#0 E:\wamp\www\sms\core\db\CDbCommand.php(375): CDbCommand->queryInternal('fetchAll', Array, Array)
#1 E:\wamp\www\sms\core\db\ar\CActiveRecord.php(1290): CDbCommand->queryAll()
#2 E:\wamp\www\sms\core\db\ar\CActiveRecord.php(1410): CActiveRecord->query(Object(CDbCriteria), true)
#3 E:\wamp\www\sms\protected\modules\courses\views\batches\tab.php(113): CActiveRecord->findAll(Array)
#4 E:\wamp\www\sms\core\web\CBaseController.php(119): require('E:\\wamp\\www\\sms...')
#5 E:\wamp\www\sms\core\web\CBaseController.php(88): CBaseController->renderInternal('E:\\wamp\\www\\sms...', NULL, true)
#6 E:\wamp\www\sms\core\web\CController.php(866): CBaseController->renderFile('E:\\wamp\\www\\sms...', NULL, true)
#7 E:\wamp\www\sms\protected\modules\courses\views\batches\batchstudents.php(57): CController->renderPartial('tab')
#8 E:\wamp\www\sms\core\web\CBaseController.php(119): require('E:\\wamp\\www\\sms...')
#9 E:\wamp\www\sms\core\web\CBaseController.php(88): CBaseController->renderInternal('E:\\wamp\\www\\sms...', NULL, true)
#10 E:\wamp\www\sms\core\web\CController.php(866): CBaseController->renderFile('E:\\wamp\\www\\sms...', NULL, true)
#11 E:\wamp\www\sms\core\web\CController.php(779): CController->renderPartial('batchstudents', NULL, true)
#12 E:\wamp\www\sms\protected\modules\courses\controllers\BatchesController.php(139): CController->render('batchstudents')
#13 E:\wamp\www\sms\core\web\actions\CInlineAction.php(50): BatchesController->actionBatchstudents()
#14 E:\wamp\www\sms\core\web\CController.php(300): CInlineAction->runWithParams(Array)
#15 E:\wamp\www\sms\core\web\filters\CFilterChain.php(134): CController->runAction(Object(CInlineAction))
#16 E:\wamp\www\sms\core\web\filters\CFilter.php(41): CFilterChain->run()
#17 E:\wamp\www\sms\protected\modules\rights\components\RController.php(36): CFilter->filter(Object(CFilterChain))
#18 E:\wamp\www\sms\core\web\filters\CInlineFilter.php(59): RController->filterRights(Object(CFilterChain))
#19 E:\wamp\www\sms\core\web\filters\CFilterChain.php(131): CInlineFilter->filter(Object(CFilterChain))
#20 E:\wamp\www\sms\core\web\CController.php(283): CFilterChain->run()
#21 E:\wamp\www\sms\core\web\CController.php(257): CController->runActionWithFilters(Object(CInlineAction), Array)
#22 E:\wamp\www\sms\core\web\CWebApplication.php(277): CController->run('batchstudents')
#23 E:\wamp\www\sms\core\web\CWebApplication.php(136): CWebApplication->runController('courses/batches...')
#24 E:\wamp\www\sms\core\base\CApplication.php(158): CWebApplication->processRequest()
#25 E:\wamp\www\sms\index.php(52): CApplication->run()
#26 {main} REQUEST_URI=/sms/index.php?r=courses/batches/batchstudents&id=21
